# JRE version: Java(TM) SE Runtime Environment (8.0_112-b15) (build 1.8.0_112-b15)
# Java VM: Java HotSpot(TM) 64-Bit Server VM (25.112-b15 mixed mode windows-amd64 compressed oops)
Heap:
 PSYoungGen      total 40960K, used 5962K [0x00000007bc400000, 0x00000007c0000000, 0x00000007c0000000)
  eden space 20480K, 26% used [0x00000007bc400000,0x00000007bc93aa20,0x00000007bd800000)
  from space 20480K, 2% used [0x00000007bec00000,0x00000007bec98000,0x00000007c0000000)
  to   space 20480K, 0% used [0x00000007bd800000,0x00000007bd800000,0x00000007bec00000)
 ParOldGen       total 375296K, used 160570K [0x0000000700000000, 0x0000000716e80000, 0x00000007bc400000)
  object space 375296K, 42% used [0x0000000700000000,0x0000000709cce958,0x0000000716e80000)
 Metaspace       used 84782K, capacity 85747K, committed 86400K, reserved 1122304K
  class space    used 12651K, capacity 12820K, committed 12928K, reserved 1048576K
GC Heap History (10 events):
Event: 9707.075 GC heap before
{Heap before GC invocations=577 (full 20):
 PSYoungGen      total 40960K, used 24595K [0x00000007bc400000, 0x00000007c0000000, 0x00000007c0000000)
  eden space 20480K, 100% used [0x00000007bc400000,0x00000007bd800000,0x00000007bd800000)
  from space 20480K, 20% used [0x00000007bec00000,0x00000007bf004c38,0x00000007c0000000)
  to   space 20480K, 0% used [0x00000007bd800000,0x00000007bd800000,0x00000007bec00000)
 ParOldGen       total 375296K, used 162382K [0x0000000700000000, 0x0000000716e80000, 0x00000007bc400000)
  object space 375296K, 43% used [0x0000000700000000,0x0000000709e93860,0x0000000716e80000)
 Metaspace       used 84681K, capacity 85679K, committed 86144K, reserved 1122304K
  class space    used 12637K, capacity 12818K, committed 12928K, reserved 1048576K
Event: 9707.086 GC heap after
Heap after GC invocations=577 (full 20):
 PSYoungGen      total 40960K, used 1669K [0x00000007bc400000, 0x00000007c0000000, 0x00000007c0000000)
  eden space 20480K, 0% used [0x00000007bc400000,0x00000007bc400000,0x00000007bd800000)
  from space 20480K, 8% used [0x00000007bd800000,0x00000007bd9a1798,0x00000007bec00000)
  to   space 20480K, 0% used [0x00000007bec00000,0x00000007bec00000,0x00000007c0000000)
 ParOldGen       total 375296K, used 164637K [0x0000000700000000, 0x0000000716e80000, 0x00000007bc400000)
  object space 375296K, 43% used [0x0000000700000000,0x000000070a0c7440,0x0000000716e80000)
 Metaspace       used 84681K, capacity 85679K, committed 86144K, reserved 1122304K
  class space    used 12637K, capacity 12818K, committed 12928K, reserved 1048576K
}
Event: 9707.661 GC heap before
{Heap before GC invocations=578 (full 20):
 PSYoungGen      total 40960K, used 22149K [0x00000007bc400000, 0x00000007c0000000, 0x00000007c0000000)
  eden space 20480K, 100% used [0x00000007bc400000,0x00000007bd800000,0x00000007bd800000)
  from space 20480K, 8% used [0x00000007bd800000,0x00000007bd9a1798,0x00000007bec00000)
  to   space 20480K, 0% used [0x00000007bec00000,0x00000007bec00000,0x00000007c0000000)
 ParOldGen       total 375296K, used 164637K [0x0000000700000000, 0x0000000716e80000, 0x00000007bc400000)
  object space 375296K, 43% used [0x0000000700000000,0x000000070a0c7440,0x0000000716e80000)
 Metaspace       used 84776K, capacity 85747K, committed 86400K, reserved 1122304K
  class space    used 12650K, capacity 12820K, committed 12928K, reserved 1048576K
Event: 9707.681 GC heap after
Heap after GC invocations=578 (full 20):
 PSYoungGen      total 40960K, used 977K [0x00000007bc400000, 0x00000007c0000000, 0x00000007c0000000)
  eden space 20480K, 0% used [0x00000007bc400000,0x00000007bc400000,0x00000007bd800000)
  from space 20480K, 4% used [0x00000007bec00000,0x00000007becf46c0,0x00000007c0000000)
  to   space 20480K, 0% used [0x00000007bd800000,0x00000007bd800000,0x00000007bec00000)
 ParOldGen       total 375296K, used 166061K [0x0000000700000000, 0x0000000716e80000, 0x00000007bc400000)
  object space 375296K, 44% used [0x0000000700000000,0x000000070a22b710,0x0000000716e80000)
 Metaspace       used 84776K, capacity 85747K, committed 86400K, reserved 1122304K
  class space    used 12650K, capacity 12820K, committed 12928K, reserved 1048576K
}
Event: 9707.731 GC heap before
{Heap before GC invocations=579 (full 20):
 PSYoungGen      total 40960K, used 4963K [0x00000007bc400000, 0x00000007c0000000, 0x00000007c0000000)
  eden space 20480K, 19% used [0x00000007bc400000,0x00000007bc7e4628,0x00000007bd800000)
  from space 20480K, 4% used [0x00000007bec00000,0x00000007becf46c0,0x00000007c0000000)
  to   space 20480K, 0% used [0x00000007bd800000,0x00000007bd800000,0x00000007bec00000)
 ParOldGen       total 375296K, used 166061K [0x0000000700000000, 0x0000000716e80000, 0x00000007bc400000)
  object space 375296K, 44% used [0x0000000700000000,0x000000070a22b710,0x0000000716e80000)
 Metaspace       used 84776K, capacity 85747K, committed 86400K, reserved 1122304K
  class space    used 12650K, capacity 12820K, committed 12928K, reserved 1048576K
Event: 9707.742 GC heap after
Heap after GC invocations=579 (full 20):
 PSYoungGen      total 40960K, used 64K [0x00000007bc400000, 0x00000007c0000000, 0x00000007c0000000)
  eden space 20480K, 0% used [0x00000007bc400000,0x00000007bc400000,0x00000007bd800000)
  from space 20480K, 0% used [0x00000007bd800000,0x00000007bd810000,0x00000007bec00000)
  to   space 20480K, 0% used [0x00000007bec00000,0x00000007bec00000,0x00000007c0000000)
 ParOldGen       total 375296K, used 166891K [0x0000000700000000, 0x0000000716e80000, 0x00000007bc400000)
  object space 375296K, 44% used [0x0000000700000000,0x000000070a2fae40,0x0000000716e80000)
 Metaspace       used 84776K, capacity 85747K, committed 86400K, reserved 1122304K
  class space    used 12650K, capacity 12820K, committed 12928K, reserved 1048576K
}
Event: 9707.742 GC heap before
{Heap before GC invocations=580 (full 21):
 PSYoungGen      total 40960K, used 64K [0x00000007bc400000, 0x00000007c0000000, 0x00000007c0000000)
  eden space 20480K, 0% used [0x00000007bc400000,0x00000007bc400000,0x00000007bd800000)
  from space 20480K, 0% used [0x00000007bd800000,0x00000007bd810000,0x00000007bec00000)
  to   space 20480K, 0% used [0x00000007bec00000,0x00000007bec00000,0x00000007c0000000)
 ParOldGen       total 375296K, used 166891K [0x0000000700000000, 0x0000000716e80000, 0x00000007bc400000)
  object space 375296K, 44% used [0x0000000700000000,0x000000070a2fae40,0x0000000716e80000)
 Metaspace       used 84776K, capacity 85747K, committed 86400K, reserved 1122304K
  class space    used 12650K, capacity 12820K, committed 12928K, reserved 1048576K
Event: 9708.396 GC heap after
Heap after GC invocations=580 (full 21):
 PSYoungGen      total 40960K, used 0K [0x00000007bc400000, 0x00000007c0000000, 0x00000007c0000000)
  eden space 20480K, 0% used [0x00000007bc400000,0x00000007bc400000,0x00000007bd800000)
  from space 20480K, 0% used [0x00000007bd800000,0x00000007bd800000,0x00000007bec00000)
  to   space 20480K, 0% used [0x00000007bec00000,0x00000007bec00000,0x00000007c0000000)
 ParOldGen       total 375296K, used 160570K [0x0000000700000000, 0x0000000716e80000, 0x00000007bc400000)
  object space 375296K, 42% used [0x0000000700000000,0x0000000709cce958,0x0000000716e80000)
 Metaspace       used 84776K, capacity 85747K, committed 86400K, reserved 1122304K
  class space    used 12650K, capacity 12820K, committed 12928K, reserved 1048576K
}
Event: 9708.805 GC heap before
{Heap before GC invocations=581 (full 21):
 PSYoungGen      total 40960K, used 20480K [0x00000007bc400000, 0x00000007c0000000, 0x00000007c0000000)
  eden space 20480K, 100% used [0x00000007bc400000,0x00000007bd800000,0x00000007bd800000)
  from space 20480K, 0% used [0x00000007bd800000,0x00000007bd800000,0x00000007bec00000)
  to   space 20480K, 0% used [0x00000007bec00000,0x00000007bec00000,0x00000007c0000000)
 ParOldGen       total 375296K, used 160570K [0x0000000700000000, 0x0000000716e80000, 0x00000007bc400000)
  object space 375296K, 42% used [0x0000000700000000,0x0000000709cce958,0x0000000716e80000)
 Metaspace       used 84777K, capacity 85747K, committed 86400K, reserved 1122304K
  class space    used 12650K, capacity 12820K, committed 12928K, reserved 1048576K
Event: 9708.815 GC heap after
Heap after GC invocations=581 (full 21):
 PSYoungGen      total 40960K, used 608K [0x00000007bc400000, 0x00000007c0000000, 0x00000007c0000000)
  eden space 20480K, 0% used [0x00000007bc400000,0x00000007bc400000,0x00000007bd800000)
  from space 20480K, 2% used [0x00000007bec00000,0x00000007bec98000,0x00000007c0000000)
  to   space 20480K, 0% used [0x00000007bd800000,0x00000007bd800000,0x00000007bec00000)
 ParOldGen       total 375296K, used 160570K [0x0000000700000000, 0x0000000716e80000, 0x00000007bc400000)
  object space 375296K, 42% used [0x0000000700000000,0x0000000709cce958,0x0000000716e80000)
 Metaspace       used 84777K, capacity 85747K, committed 86400K, reserved 1122304K
  class space    used 12650K, capacity 12820K, committed 12928K, reserved 1048576K
}

